New log file opened at Sat Sep 10 20:47:17 CEST 2016 by 22796@grefa
Sending msg to client activator-20224ed0-5d08-423e-bddd-fbefe18d772a: DetachedLogEvent(LogMessage(debug,sbt server socket logs are in: /home/peter/Programming/LazyPortfolioTracker/LPT2/LPT/.sbtserver/connections/master.log))
Sending msg to client activator-20224ed0-5d08-423e-bddd-fbefe18d772a: DetachedLogEvent(LogMessage(debug,sbt client logs are in: /home/peter/Programming/LazyPortfolioTracker/LPT2/LPT/.sbtserver/connections/activator-20224ed0-5d08-423e-bddd-fbefe18d772a.log))
Sending msg to client activator-20224ed0-5d08-423e-bddd-fbefe18d772a: DetachedLogEvent(LogMessage(debug,sbt general server logs are in: /home/peter/Programming/LazyPortfolioTracker/LPT2/LPT/.sbtserver/master.log))
Reading next message from client.
Got request: ListenToEvents()
Reading next message from client.
Sending msg to client activator-20224ed0-5d08-423e-bddd-fbefe18d772a: (3,ReceivedResponse())
Sending msg to client activator-20224ed0-5d08-423e-bddd-fbefe18d772a: DetachedLogEvent(LogMessage(debug,sha1 OK for https://repo.scala-sbt.org/scalasbt/sbt-plugin-releases/org.irundaia.sbt/sbt-sassify/scala_2.10/sbt_0.13/1.4.2/jars/sbt-sassify.jar))
Sending msg to client activator-20224ed0-5d08-423e-bddd-fbefe18d772a: DetachedLogEvent(LogStdOut([info] 	[SUCCESSFUL ] org.irundaia.sbt#sbt-sassify;1.4.2!sbt-sassify.jar (4120ms)))
Sending msg to client activator-20224ed0-5d08-423e-bddd-fbefe18d772a: DetachedLogEvent(LogMessage(info,	[SUCCESSFUL ] org.irundaia.sbt#sbt-sassify;1.4.2!sbt-sassify.jar (4120ms)))
Sending msg to client activator-20224ed0-5d08-423e-bddd-fbefe18d772a: DetachedLogEvent(LogMessage(debug,		tried https://repo1.maven.org/maven2/com/typesafe/play/sbt-routes-compiler_2.10/2.5.6/sbt-routes-compiler_2.10-2.5.6.jar))
Sending msg to client activator-20224ed0-5d08-423e-bddd-fbefe18d772a: DetachedLogEvent(LogStdOut([info] downloading https://repo1.maven.org/maven2/com/typesafe/play/sbt-routes-compiler_2.10/2.5.6/sbt-routes-compiler_2.10-2.5.6.jar ...))
Sending msg to client activator-20224ed0-5d08-423e-bddd-fbefe18d772a: DetachedLogEvent(LogMessage(info,downloading https://repo1.maven.org/maven2/com/typesafe/play/sbt-routes-compiler_2.10/2.5.6/sbt-routes-compiler_2.10-2.5.6.jar ...))
Sending msg to client activator-20224ed0-5d08-423e-bddd-fbefe18d772a: DetachedLogEvent(LogMessage(debug,	public: downloading https://repo1.maven.org/maven2/com/typesafe/play/sbt-routes-compiler_2.10/2.5.6/sbt-routes-compiler_2.10-2.5.6.jar))
Sending msg to client activator-20224ed0-5d08-423e-bddd-fbefe18d772a: DetachedLogEvent(LogMessage(debug,	public: downloading https://repo1.maven.org/maven2/com/typesafe/play/sbt-routes-compiler_2.10/2.5.6/sbt-routes-compiler_2.10-2.5.6.jar.sha1))
Sending msg to client activator-20224ed0-5d08-423e-bddd-fbefe18d772a: DetachedLogEvent(LogMessage(debug,sha1 OK for https://repo1.maven.org/maven2/com/typesafe/play/sbt-routes-compiler_2.10/2.5.6/sbt-routes-compiler_2.10-2.5.6.jar))
Sending msg to client activator-20224ed0-5d08-423e-bddd-fbefe18d772a: DetachedLogEvent(LogStdOut([info] 	[SUCCESSFUL ] com.typesafe.play#sbt-routes-compiler_2.10;2.5.6!sbt-routes-compiler_2.10.jar (616ms)))
Sending msg to client activator-20224ed0-5d08-423e-bddd-fbefe18d772a: DetachedLogEvent(LogMessage(info,	[SUCCESSFUL ] com.typesafe.play#sbt-routes-compiler_2.10;2.5.6!sbt-routes-compiler_2.10.jar (616ms)))
Sending msg to client activator-20224ed0-5d08-423e-bddd-fbefe18d772a: DetachedLogEvent(LogMessage(debug,		tried https://repo1.maven.org/maven2/com/typesafe/play/sbt-run-support_2.10/2.5.6/sbt-run-support_2.10-2.5.6.jar))
Sending msg to client activator-20224ed0-5d08-423e-bddd-fbefe18d772a: DetachedLogEvent(LogStdOut([info] downloading https://repo1.maven.org/maven2/com/typesafe/play/sbt-run-support_2.10/2.5.6/sbt-run-support_2.10-2.5.6.jar ...))
Sending msg to client activator-20224ed0-5d08-423e-bddd-fbefe18d772a: DetachedLogEvent(LogMessage(info,downloading https://repo1.maven.org/maven2/com/typesafe/play/sbt-run-support_2.10/2.5.6/sbt-run-support_2.10-2.5.6.jar ...))
Sending msg to client activator-20224ed0-5d08-423e-bddd-fbefe18d772a: DetachedLogEvent(LogMessage(debug,	public: downloading https://repo1.maven.org/maven2/com/typesafe/play/sbt-run-support_2.10/2.5.6/sbt-run-support_2.10-2.5.6.jar))
Sending msg to client activator-20224ed0-5d08-423e-bddd-fbefe18d772a: DetachedLogEvent(LogMessage(debug,	public: downloading https://repo1.maven.org/maven2/com/typesafe/play/sbt-run-support_2.10/2.5.6/sbt-run-support_2.10-2.5.6.jar.sha1))
Sending msg to client activator-20224ed0-5d08-423e-bddd-fbefe18d772a: DetachedLogEvent(LogMessage(debug,sha1 OK for https://repo1.maven.org/maven2/com/typesafe/play/sbt-run-support_2.10/2.5.6/sbt-run-support_2.10-2.5.6.jar))
Sending msg to client activator-20224ed0-5d08-423e-bddd-fbefe18d772a: DetachedLogEvent(LogStdOut([info] 	[SUCCESSFUL ] com.typesafe.play#sbt-run-support_2.10;2.5.6!sbt-run-support_2.10.jar (161ms)))
Sending msg to client activator-20224ed0-5d08-423e-bddd-fbefe18d772a: DetachedLogEvent(LogMessage(info,	[SUCCESSFUL ] com.typesafe.play#sbt-run-support_2.10;2.5.6!sbt-run-support_2.10.jar (161ms)))
Sending msg to client activator-20224ed0-5d08-423e-bddd-fbefe18d772a: DetachedLogEvent(LogMessage(debug,	[NOT REQUIRED] com.typesafe#config;1.3.0!config.jar(bundle)))
Sending msg to client activator-20224ed0-5d08-423e-bddd-fbefe18d772a: DetachedLogEvent(LogMessage(debug,	[NOT REQUIRED] net.contentobjects.jnotify#jnotify;0.94-play-1!jnotify.jar))
Sending msg to client activator-20224ed0-5d08-423e-bddd-fbefe18d772a: DetachedLogEvent(LogMessage(debug,	[NOT REQUIRED] com.typesafe.sbt#sbt-twirl;1.1.1!sbt-twirl.jar))
Sending msg to client activator-20224ed0-5d08-423e-bddd-fbefe18d772a: DetachedLogEvent(LogMessage(debug,		tried https://repo.scala-sbt.org/scalasbt/sbt-plugin-releases/com.typesafe.sbt/sbt-native-packager/scala_2.10/sbt_0.13/1.0.3/jars/sbt-native-packager.jar))
Sending msg to client activator-20224ed0-5d08-423e-bddd-fbefe18d772a: DetachedLogEvent(LogStdOut([info] downloading https://repo.scala-sbt.org/scalasbt/sbt-plugin-releases/com.typesafe.sbt/sbt-native-packager/scala_2.10/sbt_0.13/1.0.3/jars/sbt-native-packager.jar ...))
Sending msg to client activator-20224ed0-5d08-423e-bddd-fbefe18d772a: DetachedLogEvent(LogMessage(info,downloading https://repo.scala-sbt.org/scalasbt/sbt-plugin-releases/com.typesafe.sbt/sbt-native-packager/scala_2.10/sbt_0.13/1.0.3/jars/sbt-native-packager.jar ...))
Sending msg to client activator-20224ed0-5d08-423e-bddd-fbefe18d772a: DetachedLogEvent(LogMessage(debug,	sbt-plugin-releases: downloading https://repo.scala-sbt.org/scalasbt/sbt-plugin-releases/com.typesafe.sbt/sbt-native-packager/scala_2.10/sbt_0.13/1.0.3/jars/sbt-native-packager.jar))
Sending msg to client activator-20224ed0-5d08-423e-bddd-fbefe18d772a: DetachedLogEvent(LogMessage(debug,	sbt-plugin-releases: downloading https://repo.scala-sbt.org/scalasbt/sbt-plugin-releases/com.typesafe.sbt/sbt-native-packager/scala_2.10/sbt_0.13/1.0.3/jars/sbt-native-packager.jar.sha1))
Sending msg to client activator-20224ed0-5d08-423e-bddd-fbefe18d772a: DetachedLogEvent(LogMessage(debug,sha1 OK for https://repo.scala-sbt.org/scalasbt/sbt-plugin-releases/com.typesafe.sbt/sbt-native-packager/scala_2.10/sbt_0.13/1.0.3/jars/sbt-native-packager.jar))
Sending msg to client activator-20224ed0-5d08-423e-bddd-fbefe18d772a: DetachedLogEvent(LogStdOut([info] 	[SUCCESSFUL ] com.typesafe.sbt#sbt-native-packager;1.0.3!sbt-native-packager.jar (4131ms)))
Sending msg to client activator-20224ed0-5d08-423e-bddd-fbefe18d772a: DetachedLogEvent(LogMessage(info,	[SUCCESSFUL ] com.typesafe.sbt#sbt-native-packager;1.0.3!sbt-native-packager.jar (4131ms)))
Sending msg to client activator-20224ed0-5d08-423e-bddd-fbefe18d772a: DetachedLogEvent(LogMessage(debug,		tried https://repo.scala-sbt.org/scalasbt/sbt-plugin-releases/com.typesafe.sbt/sbt-web/scala_2.10/sbt_0.13/1.3.0/jars/sbt-web.jar))
Sending msg to client activator-20224ed0-5d08-423e-bddd-fbefe18d772a: DetachedLogEvent(LogStdOut([info] downloading https://repo.scala-sbt.org/scalasbt/sbt-plugin-releases/com.typesafe.sbt/sbt-web/scala_2.10/sbt_0.13/1.3.0/jars/sbt-web.jar ...))
Sending msg to client activator-20224ed0-5d08-423e-bddd-fbefe18d772a: DetachedLogEvent(LogMessage(info,downloading https://repo.scala-sbt.org/scalasbt/sbt-plugin-releases/com.typesafe.sbt/sbt-web/scala_2.10/sbt_0.13/1.3.0/jars/sbt-web.jar ...))
Sending msg to client activator-20224ed0-5d08-423e-bddd-fbefe18d772a: DetachedLogEvent(LogMessage(debug,	sbt-plugin-releases: downloading https://repo.scala-sbt.org/scalasbt/sbt-plugin-releases/com.typesafe.sbt/sbt-web/scala_2.10/sbt_0.13/1.3.0/jars/sbt-web.jar))
Sending msg to client activator-20224ed0-5d08-423e-bddd-fbefe18d772a: DetachedLogEvent(LogMessage(debug,	sbt-plugin-releases: downloading https://repo.scala-sbt.org/scalasbt/sbt-plugin-releases/com.typesafe.sbt/sbt-web/scala_2.10/sbt_0.13/1.3.0/jars/sbt-web.jar.sha1))
Sending msg to client activator-20224ed0-5d08-423e-bddd-fbefe18d772a: DetachedLogEvent(LogMessage(debug,sha1 OK for https://repo.scala-sbt.org/scalasbt/sbt-plugin-releases/com.typesafe.sbt/sbt-web/scala_2.10/sbt_0.13/1.3.0/jars/sbt-web.jar))
Sending msg to client activator-20224ed0-5d08-423e-bddd-fbefe18d772a: DetachedLogEvent(LogStdOut([info] 	[SUCCESSFUL ] com.typesafe.sbt#sbt-web;1.3.0!sbt-web.jar (3333ms)))
Sending msg to client activator-20224ed0-5d08-423e-bddd-fbefe18d772a: DetachedLogEvent(LogMessage(info,	[SUCCESSFUL ] com.typesafe.sbt#sbt-web;1.3.0!sbt-web.jar (3333ms)))
Sending msg to client activator-20224ed0-5d08-423e-bddd-fbefe18d772a: DetachedLogEvent(LogMessage(debug,	[NOT REQUIRED] com.typesafe.sbt#sbt-js-engine;1.1.3!sbt-js-engine.jar))
Sending msg to client activator-20224ed0-5d08-423e-bddd-fbefe18d772a: DetachedLogEvent(LogMessage(debug,	[NOT REQUIRED] org.scala-lang#scala-library;2.10.4!scala-library.jar))
Sending msg to client activator-20224ed0-5d08-423e-bddd-fbefe18d772a: DetachedLogEvent(LogMessage(debug,	[NOT REQUIRED] com.typesafe.play#twirl-api_2.10;1.1.1!twirl-api_2.10.jar))
Sending msg to client activator-20224ed0-5d08-423e-bddd-fbefe18d772a: DetachedLogEvent(LogMessage(debug,	[NOT REQUIRED] commons-io#commons-io;2.4!commons-io.jar))
Sending msg to client activator-20224ed0-5d08-423e-bddd-fbefe18d772a: DetachedLogEvent(LogMessage(debug,	[NOT REQUIRED] org.apache.commons#commons-lang3;3.4!commons-lang3.jar))
Sending msg to client activator-20224ed0-5d08-423e-bddd-fbefe18d772a: DetachedLogEvent(LogMessage(debug,		tried https://repo1.maven.org/maven2/com/typesafe/play/build-link/2.5.6/build-link-2.5.6.jar))
Sending msg to client activator-20224ed0-5d08-423e-bddd-fbefe18d772a: DetachedLogEvent(LogStdOut([info] downloading https://repo1.maven.org/maven2/com/typesafe/play/build-link/2.5.6/build-link-2.5.6.jar ...))
Sending msg to client activator-20224ed0-5d08-423e-bddd-fbefe18d772a: DetachedLogEvent(LogMessage(info,downloading https://repo1.maven.org/maven2/com/typesafe/play/build-link/2.5.6/build-link-2.5.6.jar ...))
Sending msg to client activator-20224ed0-5d08-423e-bddd-fbefe18d772a: DetachedLogEvent(LogMessage(debug,	public: downloading https://repo1.maven.org/maven2/com/typesafe/play/build-link/2.5.6/build-link-2.5.6.jar))
Sending msg to client activator-20224ed0-5d08-423e-bddd-fbefe18d772a: DetachedLogEvent(LogMessage(debug,	public: downloading https://repo1.maven.org/maven2/com/typesafe/play/build-link/2.5.6/build-link-2.5.6.jar.sha1))
Sending msg to client activator-20224ed0-5d08-423e-bddd-fbefe18d772a: DetachedLogEvent(LogMessage(debug,sha1 OK for https://repo1.maven.org/maven2/com/typesafe/play/build-link/2.5.6/build-link-2.5.6.jar))
Sending msg to client activator-20224ed0-5d08-423e-bddd-fbefe18d772a: DetachedLogEvent(LogStdOut([info] 	[SUCCESSFUL ] com.typesafe.play#build-link;2.5.6!build-link.jar (257ms)))
Sending msg to client activator-20224ed0-5d08-423e-bddd-fbefe18d772a: DetachedLogEvent(LogMessage(info,	[SUCCESSFUL ] com.typesafe.play#build-link;2.5.6!build-link.jar (257ms)))
Sending msg to client activator-20224ed0-5d08-423e-bddd-fbefe18d772a: DetachedLogEvent(LogMessage(debug,	[NOT REQUIRED] com.typesafe.play#twirl-compiler_2.10;1.1.1!twirl-compiler_2.10.jar))
Sending msg to client activator-20224ed0-5d08-423e-bddd-fbefe18d772a: DetachedLogEvent(LogMessage(debug,		tried https://repo1.maven.org/maven2/com/typesafe/play/play-exceptions/2.5.6/play-exceptions-2.5.6.jar))
Sending msg to client activator-20224ed0-5d08-423e-bddd-fbefe18d772a: DetachedLogEvent(LogStdOut([info] downloading https://repo1.maven.org/maven2/com/typesafe/play/play-exceptions/2.5.6/play-exceptions-2.5.6.jar ...))
Sending msg to client activator-20224ed0-5d08-423e-bddd-fbefe18d772a: DetachedLogEvent(LogMessage(info,downloading https://repo1.maven.org/maven2/com/typesafe/play/play-exceptions/2.5.6/play-exceptions-2.5.6.jar ...))
Sending msg to client activator-20224ed0-5d08-423e-bddd-fbefe18d772a: DetachedLogEvent(LogMessage(debug,	public: downloading https://repo1.maven.org/maven2/com/typesafe/play/play-exceptions/2.5.6/play-exceptions-2.5.6.jar))
Sending msg to client activator-20224ed0-5d08-423e-bddd-fbefe18d772a: DetachedLogEvent(LogMessage(debug,	public: downloading https://repo1.maven.org/maven2/com/typesafe/play/play-exceptions/2.5.6/play-exceptions-2.5.6.jar.sha1))
Sending msg to client activator-20224ed0-5d08-423e-bddd-fbefe18d772a: DetachedLogEvent(LogMessage(debug,sha1 OK for https://repo1.maven.org/maven2/com/typesafe/play/play-exceptions/2.5.6/play-exceptions-2.5.6.jar))
Sending msg to client activator-20224ed0-5d08-423e-bddd-fbefe18d772a: DetachedLogEvent(LogStdOut([info] 	[SUCCESSFUL ] com.typesafe.play#play-exceptions;2.5.6!play-exceptions.jar (379ms)))
Sending msg to client activator-20224ed0-5d08-423e-bddd-fbefe18d772a: DetachedLogEvent(LogMessage(info,	[SUCCESSFUL ] com.typesafe.play#play-exceptions;2.5.6!play-exceptions.jar (379ms)))
Sending msg to client activator-20224ed0-5d08-423e-bddd-fbefe18d772a: DetachedLogEvent(LogMessage(debug,	[NOT REQUIRED] org.scala-lang#scala-compiler;2.10.4!scala-compiler.jar))
Sending msg to client activator-20224ed0-5d08-423e-bddd-fbefe18d772a: DetachedLogEvent(LogMessage(debug,	[NOT REQUIRED] com.typesafe.play#twirl-parser_2.10;1.1.1!twirl-parser_2.10.jar))
Sending msg to client activator-20224ed0-5d08-423e-bddd-fbefe18d772a: DetachedLogEvent(LogMessage(debug,	[NOT REQUIRED] org.scala-lang#scala-reflect;2.10.4!scala-reflect.jar))
Sending msg to client activator-20224ed0-5d08-423e-bddd-fbefe18d772a: DetachedLogEvent(LogMessage(debug,	[NOT REQUIRED] org.vafer#jdeb;1.3!jdeb.jar))
Sending msg to client activator-20224ed0-5d08-423e-bddd-fbefe18d772a: DetachedLogEvent(LogMessage(debug,	[NOT REQUIRED] org.apache.maven#maven-core;3.2.2!maven-core.jar))
Sending msg to client activator-20224ed0-5d08-423e-bddd-fbefe18d772a: DetachedLogEvent(LogMessage(debug,	[NOT REQUIRED] org.apache.maven#maven-plugin-api;3.2.2!maven-plugin-api.jar))
Sending msg to client activator-20224ed0-5d08-423e-bddd-fbefe18d772a: DetachedLogEvent(LogMessage(debug,	[NOT REQUIRED] org.apache.ant#ant;1.9.3!ant.jar))
Sending msg to client activator-20224ed0-5d08-423e-bddd-fbefe18d772a: DetachedLogEvent(LogMessage(debug,	[NOT REQUIRED] org.bouncycastle#bcpg-jdk15on;1.51!bcpg-jdk15on.jar))
Sending msg to client activator-20224ed0-5d08-423e-bddd-fbefe18d772a: DetachedLogEvent(LogMessage(debug,	[NOT REQUIRED] org.apache.maven#maven-model;3.2.2!maven-model.jar))
Sending msg to client activator-20224ed0-5d08-423e-bddd-fbefe18d772a: DetachedLogEvent(LogMessage(debug,	[NOT REQUIRED] org.apache.maven#maven-settings;3.2.2!maven-settings.jar))
Sending msg to client activator-20224ed0-5d08-423e-bddd-fbefe18d772a: DetachedLogEvent(LogMessage(debug,	[NOT REQUIRED] org.apache.maven#maven-settings-builder;3.2.2!maven-settings-builder.jar))
Sending msg to client activator-20224ed0-5d08-423e-bddd-fbefe18d772a: DetachedLogEvent(LogMessage(debug,	[NOT REQUIRED] org.apache.maven#maven-repository-metadata;3.2.2!maven-repository-metadata.jar))
Sending msg to client activator-20224ed0-5d08-423e-bddd-fbefe18d772a: DetachedLogEvent(LogMessage(debug,	[NOT REQUIRED] org.apache.maven#maven-artifact;3.2.2!maven-artifact.jar))
Sending msg to client activator-20224ed0-5d08-423e-bddd-fbefe18d772a: DetachedLogEvent(LogMessage(debug,	[NOT REQUIRED] org.apache.maven#maven-model-builder;3.2.2!maven-model-builder.jar))
Sending msg to client activator-20224ed0-5d08-423e-bddd-fbefe18d772a: DetachedLogEvent(LogMessage(debug,	[NOT REQUIRED] org.apache.maven#maven-aether-provider;3.2.2!maven-aether-provider.jar))
Sending msg to client activator-20224ed0-5d08-423e-bddd-fbefe18d772a: DetachedLogEvent(LogMessage(debug,	[NOT REQUIRED] org.eclipse.aether#aether-impl;0.9.0.M2!aether-impl.jar))
Sending msg to client activator-20224ed0-5d08-423e-bddd-fbefe18d772a: DetachedLogEvent(LogMessage(debug,	[NOT REQUIRED] org.eclipse.aether#aether-api;0.9.0.M2!aether-api.jar))
Sending msg to client activator-20224ed0-5d08-423e-bddd-fbefe18d772a: DetachedLogEvent(LogMessage(debug,	[NOT REQUIRED] org.eclipse.aether#aether-util;0.9.0.M2!aether-util.jar))
Sending msg to client activator-20224ed0-5d08-423e-bddd-fbefe18d772a: DetachedLogEvent(LogMessage(debug,	[NOT REQUIRED] org.eclipse.sisu#org.eclipse.sisu.plexus;0.0.0.M5!org.eclipse.sisu.plexus.jar(eclipse-plugin)))
Sending msg to client activator-20224ed0-5d08-423e-bddd-fbefe18d772a: DetachedLogEvent(LogMessage(debug,	[NOT REQUIRED] org.codehaus.plexus#plexus-interpolation;1.19!plexus-interpolation.jar))
Sending msg to client activator-20224ed0-5d08-423e-bddd-fbefe18d772a: DetachedLogEvent(LogMessage(debug,	[NOT REQUIRED] org.codehaus.plexus#plexus-utils;3.0.17!plexus-utils.jar))
Sending msg to client activator-20224ed0-5d08-423e-bddd-fbefe18d772a: DetachedLogEvent(LogMessage(debug,	[NOT REQUIRED] org.codehaus.plexus#plexus-classworlds;2.5.1!plexus-classworlds.jar(bundle)))
Sending msg to client activator-20224ed0-5d08-423e-bddd-fbefe18d772a: DetachedLogEvent(LogMessage(debug,	[NOT REQUIRED] org.codehaus.plexus#plexus-component-annotations;1.5.5!plexus-component-annotations.jar))
Sending msg to client activator-20224ed0-5d08-423e-bddd-fbefe18d772a: DetachedLogEvent(LogMessage(debug,	[NOT REQUIRED] org.sonatype.plexus#plexus-sec-dispatcher;1.3!plexus-sec-dispatcher.jar))
Sending msg to client activator-20224ed0-5d08-423e-bddd-fbefe18d772a: DetachedLogEvent(LogMessage(debug,	[NOT REQUIRED] org.sonatype.plexus#plexus-cipher;1.4!plexus-cipher.jar))
Sending msg to client activator-20224ed0-5d08-423e-bddd-fbefe18d772a: DetachedLogEvent(LogMessage(debug,	[NOT REQUIRED] javax.enterprise#cdi-api;1.0!cdi-api.jar))
Sending msg to client activator-20224ed0-5d08-423e-bddd-fbefe18d772a: DetachedLogEvent(LogMessage(debug,	[NOT REQUIRED] org.sonatype.sisu#sisu-guice;3.1.0!sisu-guice.jar))
Sending msg to client activator-20224ed0-5d08-423e-bddd-fbefe18d772a: DetachedLogEvent(LogMessage(debug,	[NOT REQUIRED] org.eclipse.sisu#org.eclipse.sisu.inject;0.0.0.M5!org.eclipse.sisu.inject.jar(eclipse-plugin)))
Sending msg to client activator-20224ed0-5d08-423e-bddd-fbefe18d772a: DetachedLogEvent(LogMessage(debug,	[NOT REQUIRED] javax.annotation#jsr250-api;1.0!jsr250-api.jar))
Sending msg to client activator-20224ed0-5d08-423e-bddd-fbefe18d772a: DetachedLogEvent(LogMessage(debug,	[NOT REQUIRED] javax.inject#javax.inject;1!javax.inject.jar))
Sending msg to client activator-20224ed0-5d08-423e-bddd-fbefe18d772a: DetachedLogEvent(LogMessage(debug,		tried /var/opt/installs/activator-dist-1.3.10/repository/com.google.code.findbugs/jsr305/1.3.9/jars/jsr305.jar))
Sending msg to client activator-20224ed0-5d08-423e-bddd-fbefe18d772a: DetachedLogEvent(LogMessage(debug,	[NOT REQUIRED] com.google.code.findbugs#jsr305;1.3.9!jsr305.jar))
Sending msg to client activator-20224ed0-5d08-423e-bddd-fbefe18d772a: DetachedLogEvent(LogMessage(debug,	[NOT REQUIRED] aopalliance#aopalliance;1.0!aopalliance.jar))
Sending msg to client activator-20224ed0-5d08-423e-bddd-fbefe18d772a: DetachedLogEvent(LogMessage(debug,	[NOT REQUIRED] org.eclipse.aether#aether-spi;0.9.0.M2!aether-spi.jar))
Sending msg to client activator-20224ed0-5d08-423e-bddd-fbefe18d772a: DetachedLogEvent(LogMessage(debug,	[NOT REQUIRED] org.apache.ant#ant-launcher;1.9.3!ant-launcher.jar))
Sending msg to client activator-20224ed0-5d08-423e-bddd-fbefe18d772a: DetachedLogEvent(LogMessage(debug,	[NOT REQUIRED] org.bouncycastle#bcprov-jdk15on;1.51!bcprov-jdk15on.jar))
Sending msg to client activator-20224ed0-5d08-423e-bddd-fbefe18d772a: DetachedLogEvent(LogMessage(debug,	[NOT REQUIRED] org.webjars#webjars-locator;0.26!webjars-locator.jar))
Sending msg to client activator-20224ed0-5d08-423e-bddd-fbefe18d772a: DetachedLogEvent(LogMessage(debug,	[NOT REQUIRED] org.webjars#webjars-locator-core;0.26!webjars-locator-core.jar))
Sending msg to client activator-20224ed0-5d08-423e-bddd-fbefe18d772a: DetachedLogEvent(LogMessage(debug,	[NOT REQUIRED] org.apache.commons#commons-compress;1.9!commons-compress.jar))
Sending msg to client activator-20224ed0-5d08-423e-bddd-fbefe18d772a: DetachedLogEvent(LogMessage(debug,	[NOT REQUIRED] com.typesafe#jse_2.10;1.1.2!jse_2.10.jar))
Sending msg to client activator-20224ed0-5d08-423e-bddd-fbefe18d772a: DetachedLogEvent(LogMessage(debug,	[NOT REQUIRED] com.typesafe#npm_2.10;1.1.1!npm_2.10.jar))
Sending msg to client activator-20224ed0-5d08-423e-bddd-fbefe18d772a: DetachedLogEvent(LogMessage(debug,	[NOT REQUIRED] com.typesafe.akka#akka-actor_2.10;2.3.11!akka-actor_2.10.jar))
Sending msg to client activator-20224ed0-5d08-423e-bddd-fbefe18d772a: DetachedLogEvent(LogMessage(debug,	[NOT REQUIRED] com.typesafe.akka#akka-contrib_2.10;2.3.11!akka-contrib_2.10.jar))
Sending msg to client activator-20224ed0-5d08-423e-bddd-fbefe18d772a: DetachedLogEvent(LogMessage(debug,	[NOT REQUIRED] io.apigee.trireme#trireme-core;0.8.5!trireme-core.jar))
Sending msg to client activator-20224ed0-5d08-423e-bddd-fbefe18d772a: DetachedLogEvent(LogMessage(debug,	[NOT REQUIRED] io.apigee.trireme#trireme-node10src;0.8.5!trireme-node10src.jar))
Sending msg to client activator-20224ed0-5d08-423e-bddd-fbefe18d772a: DetachedLogEvent(LogMessage(debug,	[NOT REQUIRED] io.spray#spray-json_2.10;1.3.2!spray-json_2.10.jar(bundle)))
Sending msg to client activator-20224ed0-5d08-423e-bddd-fbefe18d772a: DetachedLogEvent(LogMessage(debug,	[NOT REQUIRED] org.slf4j#slf4j-simple;1.7.12!slf4j-simple.jar))
Sending msg to client activator-20224ed0-5d08-423e-bddd-fbefe18d772a: DetachedLogEvent(LogMessage(debug,	[NOT REQUIRED] com.typesafe.akka#akka-remote_2.10;2.3.11!akka-remote_2.10.jar))
Sending msg to client activator-20224ed0-5d08-423e-bddd-fbefe18d772a: DetachedLogEvent(LogMessage(debug,	[NOT REQUIRED] com.typesafe.akka#akka-cluster_2.10;2.3.11!akka-cluster_2.10.jar))
Sending msg to client activator-20224ed0-5d08-423e-bddd-fbefe18d772a: DetachedLogEvent(LogMessage(debug,	[NOT REQUIRED] com.typesafe.akka#akka-persistence-experimental_2.10;2.3.11!akka-persistence-experimental_2.10.jar))
Sending msg to client activator-20224ed0-5d08-423e-bddd-fbefe18d772a: DetachedLogEvent(LogMessage(debug,	[NOT REQUIRED] io.netty#netty;3.8.0.Final!netty.jar(bundle)))
Sending msg to client activator-20224ed0-5d08-423e-bddd-fbefe18d772a: DetachedLogEvent(LogMessage(debug,	[NOT REQUIRED] com.google.protobuf#protobuf-java;2.5.0!protobuf-java.jar(bundle)))
Sending msg to client activator-20224ed0-5d08-423e-bddd-fbefe18d772a: DetachedLogEvent(LogMessage(debug,	[NOT REQUIRED] org.uncommons.maths#uncommons-maths;1.2.2a!uncommons-maths.jar))
Sending msg to client activator-20224ed0-5d08-423e-bddd-fbefe18d772a: DetachedLogEvent(LogMessage(debug,	[NOT REQUIRED] org.iq80.leveldb#leveldb;0.5!leveldb.jar))
Sending msg to client activator-20224ed0-5d08-423e-bddd-fbefe18d772a: DetachedLogEvent(LogMessage(debug,	[NOT REQUIRED] org.fusesource.leveldbjni#leveldbjni-all;1.7!leveldbjni-all.jar(bundle)))
Sending msg to client activator-20224ed0-5d08-423e-bddd-fbefe18d772a: DetachedLogEvent(LogMessage(debug,	[NOT REQUIRED] org.iq80.leveldb#leveldb-api;0.5!leveldb-api.jar))
Sending msg to client activator-20224ed0-5d08-423e-bddd-fbefe18d772a: DetachedLogEvent(LogMessage(debug,		tried /var/opt/installs/activator-dist-1.3.10/repository/com.google.guava/guava/12.0/jars/guava.jar))
Sending msg to client activator-20224ed0-5d08-423e-bddd-fbefe18d772a: DetachedLogEvent(LogMessage(debug,	[NOT REQUIRED] com.google.guava#guava;12.0!guava.jar))
Sending msg to client activator-20224ed0-5d08-423e-bddd-fbefe18d772a: DetachedLogEvent(LogMessage(debug,	[NOT REQUIRED] org.fusesource.leveldbjni#leveldbjni;1.7!leveldbjni.jar))
Sending msg to client activator-20224ed0-5d08-423e-bddd-fbefe18d772a: DetachedLogEvent(LogMessage(debug,	[NOT REQUIRED] org.fusesource.leveldbjni#leveldbjni-osx;1.5!leveldbjni-osx.jar))
Sending msg to client activator-20224ed0-5d08-423e-bddd-fbefe18d772a: DetachedLogEvent(LogMessage(debug,	[NOT REQUIRED] org.fusesource.leveldbjni#leveldbjni-linux32;1.5!leveldbjni-linux32.jar))
Sending msg to client activator-20224ed0-5d08-423e-bddd-fbefe18d772a: DetachedLogEvent(LogMessage(debug,	[NOT REQUIRED] org.fusesource.leveldbjni#leveldbjni-linux64;1.5!leveldbjni-linux64.jar))
Sending msg to client activator-20224ed0-5d08-423e-bddd-fbefe18d772a: DetachedLogEvent(LogMessage(debug,	[NOT REQUIRED] org.fusesource.leveldbjni#leveldbjni-win32;1.5!leveldbjni-win32.jar))
Sending msg to client activator-20224ed0-5d08-423e-bddd-fbefe18d772a: DetachedLogEvent(LogMessage(debug,	[NOT REQUIRED] org.fusesource.leveldbjni#leveldbjni-win64;1.5!leveldbjni-win64.jar))
Sending msg to client activator-20224ed0-5d08-423e-bddd-fbefe18d772a: DetachedLogEvent(LogMessage(debug,	[NOT REQUIRED] org.fusesource.hawtjni#hawtjni-runtime;1.8!hawtjni-runtime.jar))
Sending msg to client activator-20224ed0-5d08-423e-bddd-fbefe18d772a: DetachedLogEvent(LogMessage(debug,	[NOT REQUIRED] io.apigee#rhino;1.7R5pre4!rhino.jar))
Sending msg to client activator-20224ed0-5d08-423e-bddd-fbefe18d772a: DetachedLogEvent(LogMessage(debug,	[NOT REQUIRED] org.slf4j#slf4j-api;1.7.12!slf4j-api.jar))
Sending msg to client activator-20224ed0-5d08-423e-bddd-fbefe18d772a: DetachedLogEvent(LogMessage(debug,	[NOT REQUIRED] org.webjars#npm;2.11.2!npm.jar))
Sending msg to client activator-20224ed0-5d08-423e-bddd-fbefe18d772a: DetachedLogEvent(LogMessage(debug,		tried /var/opt/installs/activator-dist-1.3.10/repository/org.webjars/coffee-script-node/1.7.1/jars/coffee-script-node.jar))
Sending msg to client activator-20224ed0-5d08-423e-bddd-fbefe18d772a: DetachedLogEvent(LogMessage(debug,	[NOT REQUIRED] org.webjars#coffee-script-node;1.7.1!coffee-script-node.jar))
Sending msg to client activator-20224ed0-5d08-423e-bddd-fbefe18d772a: DetachedLogEvent(LogMessage(debug,		tried /var/opt/installs/activator-dist-1.3.10/repository/org.webjars/less-node/2.5.0/jars/less-node.jar))
Sending msg to client activator-20224ed0-5d08-423e-bddd-fbefe18d772a: DetachedLogEvent(LogMessage(debug,	[NOT REQUIRED] org.webjars#less-node;2.5.0!less-node.jar))
Sending msg to client activator-20224ed0-5d08-423e-bddd-fbefe18d772a: DetachedLogEvent(LogMessage(debug,		tried /var/opt/installs/activator-dist-1.3.10/repository/org.webjars/source-map/0.1.40-1/jars/source-map.jar))
Sending msg to client activator-20224ed0-5d08-423e-bddd-fbefe18d772a: DetachedLogEvent(LogMessage(debug,	[NOT REQUIRED] org.webjars#source-map;0.1.40-1!source-map.jar))
Sending msg to client activator-20224ed0-5d08-423e-bddd-fbefe18d772a: DetachedLogEvent(LogMessage(debug,		tried /var/opt/installs/activator-dist-1.3.10/repository/org.webjars/mkdirp/0.5.0/jars/mkdirp.jar))
Sending msg to client activator-20224ed0-5d08-423e-bddd-fbefe18d772a: DetachedLogEvent(LogMessage(debug,	[NOT REQUIRED] org.webjars#mkdirp;0.5.0!mkdirp.jar))
Sending msg to client activator-20224ed0-5d08-423e-bddd-fbefe18d772a: DetachedLogEvent(LogMessage(debug,		tried /var/opt/installs/activator-dist-1.3.10/repository/org.webjars/clean-css/2.2.7/jars/clean-css.jar))
Sending msg to client activator-20224ed0-5d08-423e-bddd-fbefe18d772a: DetachedLogEvent(LogMessage(debug,	[NOT REQUIRED] org.webjars#clean-css;2.2.7!clean-css.jar))
Sending msg to client activator-20224ed0-5d08-423e-bddd-fbefe18d772a: DetachedLogEvent(LogMessage(debug,		tried /var/opt/installs/activator-dist-1.3.10/repository/org.webjars/es6-promise-node/2.1.1/jars/es6-promise-node.jar))
Sending msg to client activator-20224ed0-5d08-423e-bddd-fbefe18d772a: DetachedLogEvent(LogMessage(debug,	[NOT REQUIRED] org.webjars#es6-promise-node;2.1.1!es6-promise-node.jar))
Sending msg to client activator-20224ed0-5d08-423e-bddd-fbefe18d772a: DetachedLogEvent(LogMessage(debug,		tried /var/opt/installs/activator-dist-1.3.10/repository/org.webjars/amdefine/0.1.0-2/jars/amdefine.jar))
Sending msg to client activator-20224ed0-5d08-423e-bddd-fbefe18d772a: DetachedLogEvent(LogMessage(debug,	[NOT REQUIRED] org.webjars#amdefine;0.1.0-2!amdefine.jar))
Sending msg to client activator-20224ed0-5d08-423e-bddd-fbefe18d772a: DetachedLogEvent(LogMessage(debug,		tried /var/opt/installs/activator-dist-1.3.10/repository/org.webjars/jshint-node/2.4.3/jars/jshint-node.jar))
Sending msg to client activator-20224ed0-5d08-423e-bddd-fbefe18d772a: DetachedLogEvent(LogMessage(debug,	[NOT REQUIRED] org.webjars#jshint-node;2.4.3!jshint-node.jar))
Sending msg to client activator-20224ed0-5d08-423e-bddd-fbefe18d772a: DetachedLogEvent(LogMessage(debug,		tried /var/opt/installs/activator-dist-1.3.10/repository/org.webjars/strip-json-comments/1.0.2-1/jars/strip-json-comments.jar))
Sending msg to client activator-20224ed0-5d08-423e-bddd-fbefe18d772a: DetachedLogEvent(LogMessage(debug,	[NOT REQUIRED] org.webjars#strip-json-comments;1.0.2-1!strip-json-comments.jar))
Sending msg to client activator-20224ed0-5d08-423e-bddd-fbefe18d772a: DetachedLogEvent(LogMessage(debug,		tried /var/opt/installs/activator-dist-1.3.10/repository/org.webjars/underscorejs/1.5.2-2/jars/underscorejs.jar))
Sending msg to client activator-20224ed0-5d08-423e-bddd-fbefe18d772a: DetachedLogEvent(LogMessage(debug,	[NOT REQUIRED] org.webjars#underscorejs;1.5.2-2!underscorejs.jar))
Sending msg to client activator-20224ed0-5d08-423e-bddd-fbefe18d772a: DetachedLogEvent(LogMessage(debug,		tried /var/opt/installs/activator-dist-1.3.10/repository/org.webjars/console-browserify/0.1.6-1/jars/console-browserify.jar))
Sending msg to client activator-20224ed0-5d08-423e-bddd-fbefe18d772a: DetachedLogEvent(LogMessage(debug,	[NOT REQUIRED] org.webjars#console-browserify;0.1.6-1!console-browserify.jar))
Sending msg to client activator-20224ed0-5d08-423e-bddd-fbefe18d772a: DetachedLogEvent(LogMessage(debug,		tried /var/opt/installs/activator-dist-1.3.10/repository/org.webjars/rjs/2.1.15/jars/rjs.jar))
Sending msg to client activator-20224ed0-5d08-423e-bddd-fbefe18d772a: DetachedLogEvent(LogMessage(debug,	[NOT REQUIRED] org.webjars#rjs;2.1.15!rjs.jar))
Sending msg to client activator-20224ed0-5d08-423e-bddd-fbefe18d772a: DetachedLogEvent(LogMessage(debug,		tried /var/opt/installs/activator-dist-1.3.10/repository/org.webjars/mocha/1.17.1/jars/mocha.jar))
Sending msg to client activator-20224ed0-5d08-423e-bddd-fbefe18d772a: DetachedLogEvent(LogMessage(debug,	[NOT REQUIRED] org.webjars#mocha;1.17.1!mocha.jar))
Sending msg to client activator-20224ed0-5d08-423e-bddd-fbefe18d772a: DetachedLogEvent(LogMessage(debug,		tried /var/opt/installs/activator-dist-1.3.10/repository/org.webjars/debug/0.7.4/jars/debug.jar))
Sending msg to client activator-20224ed0-5d08-423e-bddd-fbefe18d772a: DetachedLogEvent(LogMessage(debug,	[NOT REQUIRED] org.webjars#debug;0.7.4!debug.jar))
Sending msg to client activator-20224ed0-5d08-423e-bddd-fbefe18d772a: DetachedLogEvent(LogMessage(debug,		tried /var/opt/installs/activator-dist-1.3.10/repository/org.webjars/diff/1.0.7/jars/diff.jar))
Sending msg to client activator-20224ed0-5d08-423e-bddd-fbefe18d772a: DetachedLogEvent(LogMessage(debug,	[NOT REQUIRED] org.webjars#diff;1.0.7!diff.jar))
Sending msg to client activator-20224ed0-5d08-423e-bddd-fbefe18d772a: DetachedLogEvent(LogMessage(debug,		tried /var/opt/installs/activator-dist-1.3.10/repository/com.typesafe.play/play-json_2.10/2.4.4/jars/play-json_2.10.jar))
Sending msg to client activator-20224ed0-5d08-423e-bddd-fbefe18d772a: DetachedLogEvent(LogMessage(debug,	[NOT REQUIRED] com.typesafe.play#play-json_2.10;2.4.4!play-json_2.10.jar))
Sending msg to client activator-20224ed0-5d08-423e-bddd-fbefe18d772a: DetachedLogEvent(LogMessage(debug,		tried /var/opt/installs/activator-dist-1.3.10/repository/com.nativelibs4java/jnaerator-runtime/0.12/jars/jnaerator-runtime.jar))
Sending msg to client activator-20224ed0-5d08-423e-bddd-fbefe18d772a: DetachedLogEvent(LogMessage(debug,	[NOT REQUIRED] com.nativelibs4java#jnaerator-runtime;0.12!jnaerator-runtime.jar))
Sending msg to client activator-20224ed0-5d08-423e-bddd-fbefe18d772a: DetachedLogEvent(LogMessage(debug,		tried /var/opt/installs/activator-dist-1.3.10/repository/com.typesafe.play/play-iteratees_2.10/2.4.4/jars/play-iteratees_2.10.jar))
Sending msg to client activator-20224ed0-5d08-423e-bddd-fbefe18d772a: DetachedLogEvent(LogMessage(debug,	[NOT REQUIRED] com.typesafe.play#play-iteratees_2.10;2.4.4!play-iteratees_2.10.jar))
Sending msg to client activator-20224ed0-5d08-423e-bddd-fbefe18d772a: DetachedLogEvent(LogMessage(debug,		tried /var/opt/installs/activator-dist-1.3.10/repository/com.typesafe.play/play-functional_2.10/2.4.4/jars/play-functional_2.10.jar))
Sending msg to client activator-20224ed0-5d08-423e-bddd-fbefe18d772a: DetachedLogEvent(LogMessage(debug,	[NOT REQUIRED] com.typesafe.play#play-functional_2.10;2.4.4!play-functional_2.10.jar))
Sending msg to client activator-20224ed0-5d08-423e-bddd-fbefe18d772a: DetachedLogEvent(LogMessage(debug,		tried /var/opt/installs/activator-dist-1.3.10/repository/com.typesafe.play/play-datacommons_2.10/2.4.4/jars/play-datacommons_2.10.jar))
Sending msg to client activator-20224ed0-5d08-423e-bddd-fbefe18d772a: DetachedLogEvent(LogMessage(debug,	[NOT REQUIRED] com.typesafe.play#play-datacommons_2.10;2.4.4!play-datacommons_2.10.jar))
Sending msg to client activator-20224ed0-5d08-423e-bddd-fbefe18d772a: DetachedLogEvent(LogMessage(debug,	[NOT REQUIRED] joda-time#joda-time;2.8.1!joda-time.jar))
Sending msg to client activator-20224ed0-5d08-423e-bddd-fbefe18d772a: DetachedLogEvent(LogMessage(debug,	[NOT REQUIRED] org.joda#joda-convert;1.7!joda-convert.jar))
Sending msg to client activator-20224ed0-5d08-423e-bddd-fbefe18d772a: DetachedLogEvent(LogMessage(debug,	[NOT REQUIRED] com.fasterxml.jackson.core#jackson-core;2.5.4!jackson-core.jar(bundle)))
Sending msg to client activator-20224ed0-5d08-423e-bddd-fbefe18d772a: DetachedLogEvent(LogMessage(debug,	[NOT REQUIRED] com.fasterxml.jackson.core#jackson-annotations;2.5.4!jackson-annotations.jar(bundle)))
Sending msg to client activator-20224ed0-5d08-423e-bddd-fbefe18d772a: DetachedLogEvent(LogMessage(debug,	[NOT REQUIRED] com.fasterxml.jackson.core#jackson-databind;2.5.4!jackson-databind.jar(bundle)))
Sending msg to client activator-20224ed0-5d08-423e-bddd-fbefe18d772a: DetachedLogEvent(LogMessage(debug,	[NOT REQUIRED] com.fasterxml.jackson.datatype#jackson-datatype-jdk8;2.5.4!jackson-datatype-jdk8.jar(bundle)))
Sending msg to client activator-20224ed0-5d08-423e-bddd-fbefe18d772a: DetachedLogEvent(LogMessage(debug,	[NOT REQUIRED] com.fasterxml.jackson.datatype#jackson-datatype-jsr310;2.5.4!jackson-datatype-jsr310.jar(bundle)))
Sending msg to client activator-20224ed0-5d08-423e-bddd-fbefe18d772a: DetachedLogEvent(LogMessage(debug,		tried /var/opt/installs/activator-dist-1.3.10/repository/org.scala-stm/scala-stm_2.10/0.7/jars/scala-stm_2.10.jar))
Sending msg to client activator-20224ed0-5d08-423e-bddd-fbefe18d772a: DetachedLogEvent(LogMessage(debug,	[NOT REQUIRED] org.scala-stm#scala-stm_2.10;0.7!scala-stm_2.10.jar))
Sending msg to client activator-20224ed0-5d08-423e-bddd-fbefe18d772a: DetachedLogEvent(LogMessage(debug,		tried /var/opt/installs/activator-dist-1.3.10/repository/com.nativelibs4java/ochafik-util/0.12/jars/ochafik-util.jar))
Sending msg to client activator-20224ed0-5d08-423e-bddd-fbefe18d772a: DetachedLogEvent(LogMessage(debug,	[NOT REQUIRED] com.nativelibs4java#ochafik-util;0.12!ochafik-util.jar))
Sending msg to client activator-20224ed0-5d08-423e-bddd-fbefe18d772a: DetachedLogEvent(LogMessage(debug,		tried /var/opt/installs/activator-dist-1.3.10/repository/net.java.dev.jna/jna/4.1.0/jars/jna.jar))
Sending msg to client activator-20224ed0-5d08-423e-bddd-fbefe18d772a: DetachedLogEvent(LogMessage(debug,	[NOT REQUIRED] net.java.dev.jna#jna;4.1.0!jna.jar))
Sending msg to client activator-20224ed0-5d08-423e-bddd-fbefe18d772a: DetachedLogEvent(LogMessage(debug,	[NOT REQUIRED] org.scala-sbt#sbt;0.13.8!sbt.jar))
Sending msg to client activator-20224ed0-5d08-423e-bddd-fbefe18d772a: DetachedLogEvent(LogMessage(debug,	[NOT REQUIRED] org.scala-sbt#main;0.13.8!main.jar))
Sending msg to client activator-20224ed0-5d08-423e-bddd-fbefe18d772a: DetachedLogEvent(LogMessage(debug,	[NOT REQUIRED] org.scala-sbt#compiler-interface;0.13.8!compiler-interface-bin.jar))
Sending msg to client activator-20224ed0-5d08-423e-bddd-fbefe18d772a: DetachedLogEvent(LogMessage(debug,	[NOT REQUIRED] org.scala-sbt#compiler-interface;0.13.8!compiler-interface-src.jar))
Sending msg to client activator-20224ed0-5d08-423e-bddd-fbefe18d772a: DetachedLogEvent(LogMessage(debug,	[NOT REQUIRED] org.scala-sbt#precompiled-2_8_2;0.13.8!compiler-interface-bin.jar))
Sending msg to client activator-20224ed0-5d08-423e-bddd-fbefe18d772a: DetachedLogEvent(LogMessage(debug,	[NOT REQUIRED] org.scala-sbt#precompiled-2_9_2;0.13.8!compiler-interface-bin.jar))
Sending msg to client activator-20224ed0-5d08-423e-bddd-fbefe18d772a: DetachedLogEvent(LogMessage(debug,	[NOT REQUIRED] org.scala-sbt#precompiled-2_9_3;0.13.8!compiler-interface-bin.jar))
Sending msg to client