0 info it worked if it ends with ok
1 verbose cli [ '/var/opt/nodejs/node-v6.3.0-linux-x64/bin/node',
1 verbose cli   '/usr/bin/npm',
1 verbose cli   'start' ]
2 info using npm@3.10.3
3 info using node@v6.3.0
4 verbose run-script [ 'prestart', 'start', 'poststart' ]
5 info lifecycle lpt@0.0.0~prestart: lpt@0.0.0
6 silly lifecycle lpt@0.0.0~prestart: no script for prestart, continuing
7 info lifecycle lpt@0.0.0~start: lpt@0.0.0
8 verbose lifecycle lpt@0.0.0~start: unsafe-perm in lifecycle true
9 verbose lifecycle lpt@0.0.0~start: PATH: /var/opt/nodejs/node-v6.3.0-linux-x64/lib/node_modules/npm/bin/node-gyp-bin:/media/data/programming/LazyPortfolioTracker/experiments/nodejs/lpt/node_modules/.bin:/var/opt/nodejs/node-v6.3.0-linux-x64/bin:/home/peter/bin:/var/opt/play/activator-dist-1.3.6/:/usr/local/bin:/usr/bin:/bin:/usr/local/games:/usr/games
10 verbose lifecycle lpt@0.0.0~start: CWD: /media/data/programming/LazyPortfolioTracker/experiments/nodejs/lpt
11 silly lifecycle lpt@0.0.0~start: Args: [ '-c', 'node ./bin/www' ]
12 silly lifecycle lpt@0.0.0~start: Returned: code: 1  signal: null
13 info lifecycle lpt@0.0.0~start: Failed to exec start script
14 verbose stack Error: lpt@0.0.0 start: `node ./bin/www`
14 verbose stack Exit status 1
14 verbose stack     at EventEmitter.<anonymous> (/var/opt/nodejs/node-v6.3.0-linux-x64/lib/node_modules/npm/lib/utils/lifecycle.js:242:16)
14 verbose stack     at emitTwo (events.js:106:13)
14 verbose stack     at EventEmitter.emit (events.js:191:7)
14 verbose stack     at ChildProcess.<anonymous> (/var/opt/nodejs/node-v6.3.0-linux-x64/lib/node_modules/npm/lib/utils/spawn.js:40:14)
14 verbose stack     at emitTwo (events.js:106:13)
14 verbose stack     at ChildProcess.emit (events.js:191:7)
14 verbose stack     at maybeClose (internal/child_process.js:852:16)
14 verbose stack     at Process.ChildProcess._handle.onexit (internal/child_process.js:215:5)
15 verbose pkgid lpt@0.0.0
16 verbose cwd /media/data/programming/LazyPortfolioTracker/experiments/nodejs/lpt
17 error Linux 4.5.0-1-amd64
18 error argv "/var/opt/nodejs/node-v6.3.0-linux-x64/bin/node" "/usr/bin/npm" "start"
19 error node v6.3.0
20 error npm  v3.10.3
21 error code ELIFECYCLE
22 error lpt@0.0.0 start: `node ./bin/www`
22 error Exit status 1
23 error Failed at the lpt@0.0.0 start script 'node ./bin/www'.
23 error Make sure you have the latest version of node.js and npm installed.
23 error If you do, this is most likely a problem with the lpt package,
23 error not with npm itself.
23 error Tell the author that this fails on your system:
23 error     node ./bin/www
23 error You can get information on how to open an issue for this project with:
23 error     npm bugs lpt
23 error Or if that isn't available, you can get their info via:
23 error     npm owner ls lpt
23 error There is likely additional logging output above.
24 verbose exit [ 1, true ]
